This is pdfTeX, Version 3.141592653-2.6-1.40.27 (MiKTeX 25.4 Portable) (preloaded format=pdflatex 2025.11.2)  8 NOV 2025 21:28
entering extended mode
 restricted \write18 enabled.
 file:line:error style messages enabled.
 %&-line parsing enabled.
**./EPDS_1A_2C25_Trabajo_de_simulación_III.tex
(EPDS_1A_2C25_Trabajo_de_simulación_III.tex
LaTeX2e <2025-06-01> patch level 1
L3 programming layer <2025-10-09>

(C:\Users\ThinkPad\Documents\Softwares\miktex-portable\texmfs\install\tex/latex
/base\article.cls
Document Class: article 2025/01/22 v1.4n Standard LaTeX document class

(C:\Users\ThinkPad\Documents\Softwares\miktex-portable\texmfs\install\tex/latex
/base\size11.clo
File: size11.clo 2025/01/22 v1.4n Standard LaTeX file (size option)
)
\c@part=\count275
\c@section=\count276
\c@subsection=\count277
\c@subsubsection=\count278
\c@paragraph=\count279
\c@subparagraph=\count280
\c@figure=\count281
\c@table=\count282
\abovecaptionskip=\skip49
\belowcaptionskip=\skip50
\bibindent=\dimen148
)
(C:\Users\ThinkPad\Documents\Softwares\miktex-portable\texmfs\install\tex/latex
/xcolor\xcolor.sty
Package: xcolor 2024/09/29 v3.02 LaTeX color extensions (UK)

(C:\Users\ThinkPad\Documents\Softwares\miktex-portable\texmfs\install\tex/latex
/graphics-cfg\color.cfg
File: color.cfg 2016/01/02 v1.6 sample color configuration
)
Package xcolor Info: Driver file: pdftex.def on input line 274.

(C:\Users\ThinkPad\Documents\Softwares\miktex-portable\texmfs\install\tex/latex
/graphics-def\pdftex.def
File: pdftex.def 2025/09/29 v1.2d Graphics/color driver for pdftex
)
(C:\Users\ThinkPad\Documents\Softwares\miktex-portable\texmfs\install\tex/latex
/graphics\mathcolor.ltx)
Package xcolor Info: Model `cmy' substituted by `cmy0' on input line 1349.
Package xcolor Info: Model `hsb' substituted by `rgb' on input line 1353.
Package xcolor Info: Model `RGB' extended on input line 1365.
Package xcolor Info: Model `HTML' substituted by `rgb' on input line 1367.
Package xcolor Info: Model `Hsb' substituted by `hsb' on input line 1368.
Package xcolor Info: Model `tHsb' substituted by `hsb' on input line 1369.
Package xcolor Info: Model `HSB' substituted by `hsb' on input line 1370.
Package xcolor Info: Model `Gray' substituted by `gray' on input line 1371.
Package xcolor Info: Model `wave' substituted by `hsb' on input line 1372.
)
(C:\Users\ThinkPad\Documents\Softwares\miktex-portable\texmfs\install\tex/latex
/graphics\dvipsnam.def
File: dvipsnam.def 2016/06/17 v3.0m Driver-dependent file (DPC,SPQR)
)
(C:\Users\ThinkPad\Documents\Softwares\miktex-portable\texmfs\install\tex/latex
/xcolor\svgnam.def
File: svgnam.def 2024/09/29 v3.02 Predefined colors according to SVG 1.1 (UK)
)
(C:\Users\ThinkPad\Documents\Softwares\miktex-portable\texmfs\install\tex/latex
/xcolor\x11nam.def
File: x11nam.def 2024/09/29 v3.02 Predefined colors according to Unix/X11 (UK)
)
(C:\Users\ThinkPad\Documents\Softwares\miktex-portable\texmfs\install\tex/latex
/geometry\geometry.sty
Package: geometry 2020/01/02 v5.9 Page Geometry

(C:\Users\ThinkPad\Documents\Softwares\miktex-portable\texmfs\install\tex/latex
/graphics\keyval.sty
Package: keyval 2022/05/29 v1.15 key=value parser (DPC)
\KV@toks@=\toks17
)
(C:\Users\ThinkPad\Documents\Softwares\miktex-portable\texmfs\install\tex/gener
ic/iftex\ifvtex.sty
Package: ifvtex 2019/10/25 v1.7 ifvtex legacy package. Use iftex instead.

(C:\Users\ThinkPad\Documents\Softwares\miktex-portable\texmfs\install\tex/gener
ic/iftex\iftex.sty
Package: iftex 2024/12/12 v1.0g TeX engine tests
))
\Gm@cnth=\count283
\Gm@cntv=\count284
\c@Gm@tempcnt=\count285
\Gm@bindingoffset=\dimen149
\Gm@wd@mp=\dimen150
\Gm@odd@mp=\dimen151
\Gm@even@mp=\dimen152
\Gm@layoutwidth=\dimen153
\Gm@layoutheight=\dimen154
\Gm@layouthoffset=\dimen155
\Gm@layoutvoffset=\dimen156
\Gm@dimlist=\toks18

(C:\Users\ThinkPad\Documents\Softwares\miktex-portable\texmfs\install\tex/latex
/geometry\geometry.cfg))
(C:\Users\ThinkPad\Documents\Softwares\miktex-portable\texmfs\install\tex/latex
/amsmath\amsmath.sty
Package: amsmath 2025/06/16 v2.17y AMS math features
\@mathmargin=\skip51

For additional information on amsmath, use the `?' option.

(C:\Users\ThinkPad\Documents\Softwares\miktex-portable\texmfs\install\tex/latex
/amsmath\amstext.sty
Package: amstext 2024/11/17 v2.01 AMS text

(C:\Users\ThinkPad\Documents\Softwares\miktex-portable\texmfs\install\tex/latex
/amsmath\amsgen.sty
File: amsgen.sty 1999/11/30 v2.0 generic functions
\@emptytoks=\toks19
\ex@=\dimen157
))
(C:\Users\ThinkPad\Documents\Softwares\miktex-portable\texmfs\install\tex/latex
/amsmath\amsbsy.sty
Package: amsbsy 1999/11/29 v1.2d Bold Symbols
\pmbraise@=\dimen158
)
(C:\Users\ThinkPad\Documents\Softwares\miktex-portable\texmfs\install\tex/latex
/amsmath\amsopn.sty
Package: amsopn 2022/04/08 v2.04 operator names
)
\inf@bad=\count286
LaTeX Info: Redefining \frac on input line 233.
\uproot@=\count287
\leftroot@=\count288
LaTeX Info: Redefining \overline on input line 398.
LaTeX Info: Redefining \colon on input line 409.
\classnum@=\count289
\DOTSCASE@=\count290
LaTeX Info: Redefining \ldots on input line 495.
LaTeX Info: Redefining \dots on input line 498.
LaTeX Info: Redefining \cdots on input line 619.
\Mathstrutbox@=\box53
\strutbox@=\box54
LaTeX Info: Redefining \big on input line 721.
LaTeX Info: Redefining \Big on input line 722.
LaTeX Info: Redefining \bigg on input line 723.
LaTeX Info: Redefining \Bigg on input line 724.
\big@size=\dimen159
LaTeX Font Info:    Redeclaring font encoding OML on input line 742.
LaTeX Font Info:    Redeclaring font encoding OMS on input line 743.
\macc@depth=\count291
LaTeX Info: Redefining \bmod on input line 904.
LaTeX Info: Redefining \pmod on input line 909.
LaTeX Info: Redefining \smash on input line 939.
LaTeX Info: Redefining \relbar on input line 969.
LaTeX Info: Redefining \Relbar on input line 970.
\c@MaxMatrixCols=\count292
\dotsspace@=\muskip17
\c@parentequation=\count293
\dspbrk@lvl=\count294
\tag@help=\toks20
\row@=\count295
\column@=\count296
\maxfields@=\count297
\andhelp@=\toks21
\eqnshift@=\dimen160
\alignsep@=\dimen161
\tagshift@=\dimen162
\tagwidth@=\dimen163
\totwidth@=\dimen164
\lineht@=\dimen165
\@envbody=\toks22
\multlinegap=\skip52
\multlinetaggap=\skip53
\mathdisplay@stack=\toks23
LaTeX Info: Redefining \[ on input line 2949.
LaTeX Info: Redefining \] on input line 2950.
)
(C:\Users\ThinkPad\Documents\Softwares\miktex-portable\texmfs\install\tex/latex
/amsfonts\amssymb.sty
Package: amssymb 2013/01/14 v3.01 AMS font symbols

(C:\Users\ThinkPad\Documents\Softwares\miktex-portable\texmfs\install\tex/latex
/amsfonts\amsfonts.sty
Package: amsfonts 2013/01/14 v3.01 Basic AMSFonts support
\symAMSa=\mathgroup4
\symAMSb=\mathgroup5
LaTeX Font Info:    Redeclaring math symbol \hbar on input line 98.
LaTeX Font Info:    Overwriting math alphabet `\mathfrak' in version `bold'
(Font)                  U/euf/m/n --> U/euf/b/n on input line 106.
))
(C:\Users\ThinkPad\Documents\Softwares\miktex-portable\texmfs\install\tex/latex
/base\fontenc.sty
Package: fontenc 2024/12/21 v2.1c Standard LaTeX package
)
(C:\Users\ThinkPad\Documents\Softwares\miktex-portable\texmfs\install\tex/latex
/base\inputenc.sty
Package: inputenc 2024/02/08 v1.3d Input encoding file
\inpenc@prehook=\toks24
\inpenc@posthook=\toks25
)
(C:\Users\ThinkPad\Documents\Softwares\miktex-portable\texmfs\install\tex/latex
/base\textcomp.sty
Package: textcomp 2024/04/24 v2.1b Standard LaTeX package
)
(C:\Users\ThinkPad\Documents\Softwares\miktex-portable\texmfs\install\tex/latex
/lm\lmodern.sty
Package: lmodern 2015/05/01 v1.6.1 Latin Modern Fonts
LaTeX Font Info:    Overwriting symbol font `operators' in version `normal'
(Font)                  OT1/cmr/m/n --> OT1/lmr/m/n on input line 22.
LaTeX Font Info:    Overwriting symbol font `letters' in version `normal'
(Font)                  OML/cmm/m/it --> OML/lmm/m/it on input line 23.
LaTeX Font Info:    Overwriting symbol font `symbols' in version `normal'
(Font)                  OMS/cmsy/m/n --> OMS/lmsy/m/n on input line 24.
LaTeX Font Info:    Overwriting symbol font `largesymbols' in version `normal'
(Font)                  OMX/cmex/m/n --> OMX/lmex/m/n on input line 25.
LaTeX Font Info:    Overwriting symbol font `operators' in version `bold'
(Font)                  OT1/cmr/bx/n --> OT1/lmr/bx/n on input line 26.
LaTeX Font Info:    Overwriting symbol font `letters' in version `bold'
(Font)                  OML/cmm/b/it --> OML/lmm/b/it on input line 27.
LaTeX Font Info:    Overwriting symbol font `symbols' in version `bold'
(Font)                  OMS/cmsy/b/n --> OMS/lmsy/b/n on input line 28.
LaTeX Font Info:    Overwriting symbol font `largesymbols' in version `bold'
(Font)                  OMX/cmex/m/n --> OMX/lmex/m/n on input line 29.
LaTeX Font Info:    Overwriting math alphabet `\mathbf' in version `normal'
(Font)                  OT1/cmr/bx/n --> OT1/lmr/bx/n on input line 31.
LaTeX Font Info:    Overwriting math alphabet `\mathsf' in version `normal'
(Font)                  OT1/cmss/m/n --> OT1/lmss/m/n on input line 32.
LaTeX Font Info:    Overwriting math alphabet `\mathit' in version `normal'
(Font)                  OT1/cmr/m/it --> OT1/lmr/m/it on input line 33.
LaTeX Font Info:    Overwriting math alphabet `\mathtt' in version `normal'
(Font)                  OT1/cmtt/m/n --> OT1/lmtt/m/n on input line 34.
LaTeX Font Info:    Overwriting math alphabet `\mathbf' in version `bold'
(Font)                  OT1/cmr/bx/n --> OT1/lmr/bx/n on input line 35.
LaTeX Font Info:    Overwriting math alphabet `\mathsf' in version `bold'
(Font)                  OT1/cmss/bx/n --> OT1/lmss/bx/n on input line 36.
LaTeX Font Info:    Overwriting math alphabet `\mathit' in version `bold'
(Font)                  OT1/cmr/bx/it --> OT1/lmr/bx/it on input line 37.
LaTeX Font Info:    Overwriting math alphabet `\mathtt' in version `bold'
(Font)                  OT1/cmtt/m/n --> OT1/lmtt/m/n on input line 38.
)
(C:\Users\ThinkPad\Documents\Softwares\miktex-portable\texmfs\install\tex/latex
/upquote\upquote.sty
Package: upquote 2012/04/19 v1.3 upright-quote and grave-accent glyphs in verba
tim
)
(C:\Users\ThinkPad\Documents\Softwares\miktex-portable\texmfs\install\tex/latex
/microtype\microtype.sty
Package: microtype 2025/07/09 v3.2b Micro-typographical refinements (RS)

(C:\Users\ThinkPad\Documents\Softwares\miktex-portable\texmfs\install\tex/latex
/etoolbox\etoolbox.sty
Package: etoolbox 2025/10/02 v2.5m e-TeX tools for LaTeX (JAW)
\etb@tempcnta=\count298
)
\MT@toks=\toks26
\MT@tempbox=\box55
\MT@count=\count299
LaTeX Info: Redefining \noprotrusionifhmode on input line 1087.
LaTeX Info: Redefining \leftprotrusion on input line 1088.
\MT@prot@toks=\toks27
LaTeX Info: Redefining \rightprotrusion on input line 1107.
LaTeX Info: Redefining \textls on input line 1449.
\MT@outer@kern=\dimen166
LaTeX Info: Redefining \microtypecontext on input line 2053.
LaTeX Info: Redefining \textmicrotypecontext on input line 2070.
\MT@listname@count=\count300

(C:\Users\ThinkPad\Documents\Softwares\miktex-portable\texmfs\install\tex/latex
/microtype\microtype-pdftex.def
File: microtype-pdftex.def 2025/07/09 v3.2b Definitions specific to pdftex (RS)

LaTeX Info: Redefining \lsstyle on input line 944.
LaTeX Info: Redefining \lslig on input line 944.
\MT@outer@space=\skip54
)
Package microtype Info: Loading configuration file microtype.cfg.

(C:\Users\ThinkPad\Documents\Softwares\miktex-portable\texmfs\install\tex/latex
/microtype\microtype.cfg
File: microtype.cfg 2025/07/09 v3.2b microtype main configuration file (RS)
)
LaTeX Info: Redefining \microtypesetup on input line 3065.
)
(C:\Users\ThinkPad\Documents\Softwares\miktex-portable\texmfs\install\tex/latex
/parskip\parskip.sty
Package: parskip 2021-03-14 v2.0h non-zero parskip adjustments

(C:\Users\ThinkPad\Documents\Softwares\miktex-portable\texmfs\install\tex/latex
/kvoptions\kvoptions.sty
Package: kvoptions 2022-06-15 v3.15 Key value format for package options (HO)

(C:\Users\ThinkPad\Documents\Softwares\miktex-portable\texmfs\install\tex/gener
ic/ltxcmds\ltxcmds.sty
Package: ltxcmds 2023-12-04 v1.26 LaTeX kernel commands for general use (HO)
)
(C:\Users\ThinkPad\Documents\Softwares\miktex-portable\texmfs\install\tex/latex
/kvsetkeys\kvsetkeys.sty
Package: kvsetkeys 2022-10-05 v1.19 Key value parser (HO)
)))
(C:\Users\ThinkPad\Documents\Softwares\miktex-portable\texmfs\install\tex/latex
/tools\longtable.sty
Package: longtable 2024-12-18 v4.23 Multi-page Table package (DPC)
\LTleft=\skip55
\LTright=\skip56
\LTpre=\skip57
\LTpost=\skip58
\LTchunksize=\count301
\LTcapwidth=\dimen167
\LT@head=\box56
\LT@firsthead=\box57
\LT@foot=\box58
\LT@lastfoot=\box59
\LT@gbox=\box60
\LT@cols=\count302
\LT@rows=\count303
\c@LT@tables=\count304
\c@LT@chunks=\count305
\LT@p@ftn=\toks28
)
(C:\Users\ThinkPad\Documents\Softwares\miktex-portable\texmfs\install\tex/latex
/booktabs\booktabs.sty
Package: booktabs 2020/01/12 v1.61803398 Publication quality tables
\heavyrulewidth=\dimen168
\lightrulewidth=\dimen169
\cmidrulewidth=\dimen170
\belowrulesep=\dimen171
\belowbottomsep=\dimen172
\aboverulesep=\dimen173
\abovetopsep=\dimen174
\cmidrulesep=\dimen175
\cmidrulekern=\dimen176
\defaultaddspace=\dimen177
\@cmidla=\count306
\@cmidlb=\count307
\@aboverulesep=\dimen178
\@belowrulesep=\dimen179
\@thisruleclass=\count308
\@lastruleclass=\count309
\@thisrulewidth=\dimen180
)
(C:\Users\ThinkPad\Documents\Softwares\miktex-portable\texmfs\install\tex/latex
/tools\array.sty
Package: array 2025/06/08 v2.6j Tabular extension package (FMi)
\col@sep=\dimen181
\ar@mcellbox=\box61
\extrarowheight=\dimen182
\NC@list=\toks29
\extratabsurround=\skip59
\backup@length=\skip60
\ar@cellbox=\box62
)
(C:\Users\ThinkPad\Documents\Softwares\miktex-portable\texmfs\install\tex/latex
/tools\calc.sty
Package: calc 2025/03/01 v4.3b Infix arithmetic (KKT,FJ)
\calc@Acount=\count310
\calc@Bcount=\count311
\calc@Adimen=\dimen183
\calc@Bdimen=\dimen184
\calc@Askip=\skip61
\calc@Bskip=\skip62
LaTeX Info: Redefining \setlength on input line 86.
LaTeX Info: Redefining \addtolength on input line 87.
\calc@Ccount=\count312
\calc@Cskip=\skip63
)
(C:\Users\ThinkPad\Documents\Softwares\miktex-portable\texmfs\install\tex/latex
/footnotehyper\footnotehyper.sty
Package: footnotehyper 2021/08/13 v1.1e hyperref aware footnote.sty (JFB)
\FNH@notes=\box63
\FNH@width=\dimen185
\FNH@toks=\toks30
)
(C:\Users\ThinkPad\Documents\Softwares\miktex-portable\texmfs\install\tex/latex
/graphics\graphicx.sty
Package: graphicx 2024/12/31 v1.2e Enhanced LaTeX Graphics (DPC,SPQR)

(C:\Users\ThinkPad\Documents\Softwares\miktex-portable\texmfs\install\tex/latex
/graphics\graphics.sty
Package: graphics 2024/08/06 v1.4g Standard LaTeX Graphics (DPC,SPQR)

(C:\Users\ThinkPad\Documents\Softwares\miktex-portable\texmfs\install\tex/latex
/graphics\trig.sty
Package: trig 2023/12/02 v1.11 sin cos tan (DPC)
)
(C:\Users\ThinkPad\Documents\Softwares\miktex-portable\texmfs\install\tex/latex
/graphics-cfg\graphics.cfg
File: graphics.cfg 2016/06/04 v1.11 sample graphics configuration
)
Package graphics Info: Driver file: pdftex.def on input line 106.
)
\Gin@req@height=\dimen186
\Gin@req@width=\dimen187
)
\pandoc@box=\box64

(C:\Users\ThinkPad\Documents\Softwares\miktex-portable\texmfs\install\tex/gener
ic/babel\babel.sty
Package: babel 2025/10/22 v25.14 The multilingual framework for LuaLaTeX, pdfLa
TeX and XeLaTeX
\babel@savecnt=\count313
LaTeX Encoding Info:    Redeclaring text command \ij (encoding OT1) on input li
ne 2050.
LaTeX Encoding Info:    Redeclaring text command \IJ (encoding OT1) on input li
ne 2052.
LaTeX Encoding Info:    Redeclaring text command \ij (encoding T1) on input lin
e 2054.
LaTeX Encoding Info:    Redeclaring text command \IJ (encoding T1) on input lin
e 2055.
LaTeX Encoding Info:    Ignoring declaration for text command \ij (encoding ?) 
on input line 2056.
LaTeX Encoding Info:    Ignoring declaration for text command \IJ (encoding ?) 
on input line 2058.
LaTeX Encoding Info:    Ignoring declaration for text command \SS (encoding ?) 
on input line 2083.
\U@D=\dimen188
\l@unhyphenated=\language79

(C:\Users\ThinkPad\Documents\Softwares\miktex-portable\texmfs\install\tex/gener
ic/babel\txtbabel.def)
\bbl@readstream=\read2
\bbl@dirlevel=\count314


Package babel Warning: Configuration files are deprecated, as
(babel)                they can break document portability.
(babel)                Reported on input line 4172.

*************************************
* Local config file bblopts.cfg used
*

(C:\Users\ThinkPad\Documents\Softwares\miktex-portable\texmfs\install\tex/latex
/arabi\bblopts.cfg
File: bblopts.cfg 2005/09/08 v0.1 add Arabic and Farsi to "declared" options of
 babel
)
(C:\Users\ThinkPad\Documents\Softwares\miktex-portable\texmfs\install\tex/gener
ic/babel/locale/en\babel-english.tex)
Package babel Info: Importing font and identification data for english
(babel)             from babel-en.ini. Reported on input line 4295.

(C:\Users\ThinkPad\Documents\Softwares\miktex-portable\texmfs\install\tex/latex
/babel-english\english.ldf
Language: english 2017/06/06 v3.3r English support from the babel system
Package babel Info: Hyphen rules for 'canadian' set to \l@english
(babel)             (\language0). Reported on input line 102.
Package babel Info: Hyphen rules for 'australian' set to \l@ukenglish
(babel)             (\language73). Reported on input line 105.
Package babel Info: Hyphen rules for 'newzealand' set to \l@ukenglish
(babel)             (\language73). Reported on input line 108.
))
(C:\Users\ThinkPad\Documents\Softwares\miktex-portable\texmfs\install\tex/latex
/base\fontenc.sty
Package: fontenc 2024/12/21 v2.1c Standard LaTeX package
LaTeX Font Info:    Trying to load font information for T1+lmr on input line 11
6.

(C:\Users\ThinkPad\Documents\Softwares\miktex-portable\texmfs\install\tex/latex
/lm\t1lmr.fd
File: t1lmr.fd 2015/05/01 v1.6.1 Font defs for Latin Modern
))
(C:\Users\ThinkPad\Documents\Softwares\miktex-portable\texmfs\install\tex/latex
/fancyhdr\fancyhdr.sty
Package: fancyhdr 2025/02/07 v5.2 Extensive control of page headers and footers

\f@nch@headwidth=\skip64
\f@nch@offset@elh=\skip65
\f@nch@offset@erh=\skip66
\f@nch@offset@olh=\skip67
\f@nch@offset@orh=\skip68
\f@nch@offset@elf=\skip69
\f@nch@offset@erf=\skip70
\f@nch@offset@olf=\skip71
\f@nch@offset@orf=\skip72
\f@nch@height=\skip73
\f@nch@footalignment=\skip74
\f@nch@widthL=\skip75
\f@nch@widthC=\skip76
\f@nch@widthR=\skip77
\@temptokenb=\toks31
)
(C:\Users\ThinkPad\Documents\Softwares\miktex-portable\texmfs\install\tex/latex
/float\float.sty
Package: float 2001/11/08 v1.3d Float enhancements (AL)
\c@float@type=\count315
\float@exts=\toks32
\float@box=\box65
\@float@everytoks=\toks33
\@floatcapt=\box66
)
(C:\Users\ThinkPad\Documents\Softwares\miktex-portable\texmfs\install\tex/latex
/caption\caption.sty
Package: caption 2023/08/05 v3.6o Customizing captions (AR)

(C:\Users\ThinkPad\Documents\Softwares\miktex-portable\texmfs\install\tex/latex
/caption\caption3.sty
Package: caption3 2023/07/31 v2.4d caption3 kernel (AR)
\caption@tempdima=\dimen189
\captionmargin=\dimen190
\caption@leftmargin=\dimen191
\caption@rightmargin=\dimen192
\caption@width=\dimen193
\caption@indent=\dimen194
\caption@parindent=\dimen195
\caption@hangindent=\dimen196
Package caption Info: Standard document class detected.
)
\c@caption@flags=\count316
\c@continuedfloat=\count317
Package caption Info: float package is loaded.
Package caption Info: longtable package is loaded.

(C:\Users\ThinkPad\Documents\Softwares\miktex-portable\texmfs\install\tex/latex
/caption\ltcaption.sty
Package: ltcaption 2021/01/08 v1.4c longtable captions (AR)
))
\@float@every@codelisting=\toks34
\c@codelisting=\count318

(C:\Users\ThinkPad\Documents\Softwares\miktex-portable\texmfs\install\tex/latex
/caption\subcaption.sty
Package: subcaption 2023/07/28 v1.6b Sub-captions (AR)
Package caption Info: New subtype `subfigure' on input line 238.
\c@subfigure=\count319
Package caption Info: New subtype `subtable' on input line 238.
\c@subtable=\count320
)
(C:\Users\ThinkPad\Documents\Softwares\miktex-portable\texmfs\install\tex/latex
/tcolorbox\tcolorbox.sty
Package: tcolorbox 2025/09/09 version 6.8.0 text color boxes

(C:\Users\ThinkPad\Documents\Softwares\miktex-portable\texmfs\install\tex/latex
/pgf/frontendlayer\tikz.sty
(C:\Users\ThinkPad\Documents\Softwares\miktex-portable\texmfs\install\tex/latex
/pgf/basiclayer\pgf.sty
(C:\Users\ThinkPad\Documents\Softwares\miktex-portable\texmfs\install\tex/latex
/pgf/utilities\pgfrcs.sty
(C:\Users\ThinkPad\Documents\Softwares\miktex-portable\texmfs\install\tex/gener
ic/pgf/utilities\pgfutil-common.tex
\pgfutil@everybye=\toks35
\pgfutil@tempdima=\dimen197
\pgfutil@tempdimb=\dimen198
)
(C:\Users\ThinkPad\Documents\Softwares\miktex-portable\texmfs\install\tex/gener
ic/pgf/utilities\pgfutil-latex.def
\pgfutil@abb=\box67
)
(C:\Users\ThinkPad\Documents\Softwares\miktex-portable\texmfs\install\tex/gener
ic/pgf/utilities\pgfrcs.code.tex
(C:\Users\ThinkPad\Documents\Softwares\miktex-portable\texmfs\install\tex/gener
ic/pgf\pgf.revision.tex)
Package: pgfrcs 2025-08-29 v3.1.11a (3.1.11a)
))
Package: pgf 2025-08-29 v3.1.11a (3.1.11a)

(C:\Users\ThinkPad\Documents\Softwares\miktex-portable\texmfs\install\tex/latex
/pgf/basiclayer\pgfcore.sty
(C:\Users\ThinkPad\Documents\Softwares\miktex-portable\texmfs\install\tex/latex
/pgf/systemlayer\pgfsys.sty
(C:\Users\ThinkPad\Documents\Softwares\miktex-portable\texmfs\install\tex/gener
ic/pgf/systemlayer\pgfsys.code.tex
Package: pgfsys 2025-08-29 v3.1.11a (3.1.11a)

(C:\Users\ThinkPad\Documents\Softwares\miktex-portable\texmfs\install\tex/gener
ic/pgf/utilities\pgfkeys.code.tex
\pgfkeys@pathtoks=\toks36
\pgfkeys@temptoks=\toks37

(C:\Users\ThinkPad\Documents\Softwares\miktex-portable\texmfs\install\tex/gener
ic/pgf/utilities\pgfkeyslibraryfiltered.code.tex
\pgfkeys@tmptoks=\toks38
))
\pgf@x=\dimen199
\pgf@y=\dimen256
\pgf@xa=\dimen257
\pgf@ya=\dimen258
\pgf@xb=\dimen259
\pgf@yb=\dimen260
\pgf@xc=\dimen261
\pgf@yc=\dimen262
\pgf@xd=\dimen263
\pgf@yd=\dimen264
\w@pgf@writea=\write3
\r@pgf@reada=\read3
\c@pgf@counta=\count321
\c@pgf@countb=\count322
\c@pgf@countc=\count323
\c@pgf@countd=\count324
\t@pgf@toka=\toks39
\t@pgf@tokb=\toks40
\t@pgf@tokc=\toks41
\pgf@sys@id@count=\count325

(C:\Users\ThinkPad\Documents\Softwares\miktex-portable\texmfs\install\tex/gener
ic/pgf/systemlayer\pgf.cfg
File: pgf.cfg 2025-08-29 v3.1.11a (3.1.11a)
)
Driver file for pgf: pgfsys-pdftex.def

(C:\Users\ThinkPad\Documents\Softwares\miktex-portable\texmfs\install\tex/gener
ic/pgf/systemlayer\pgfsys-pdftex.def
File: pgfsys-pdftex.def 2025-08-29 v3.1.11a (3.1.11a)

(C:\Users\ThinkPad\Documents\Softwares\miktex-portable\texmfs\install\tex/gener
ic/pgf/systemlayer\pgfsys-common-pdf.def
File: pgfsys-common-pdf.def 2025-08-29 v3.1.11a (3.1.11a)
)))
(C:\Users\ThinkPad\Documents\Softwares\miktex-portable\texmfs\install\tex/gener
ic/pgf/systemlayer\pgfsyssoftpath.code.tex
File: pgfsyssoftpath.code.tex 2025-08-29 v3.1.11a (3.1.11a)
\pgfsyssoftpath@smallbuffer@items=\count326
\pgfsyssoftpath@bigbuffer@items=\count327
)
(C:\Users\ThinkPad\Documents\Softwares\miktex-portable\texmfs\install\tex/gener
ic/pgf/systemlayer\pgfsysprotocol.code.tex
File: pgfsysprotocol.code.tex 2025-08-29 v3.1.11a (3.1.11a)
))
(C:\Users\ThinkPad\Documents\Softwares\miktex-portable\texmfs\install\tex/gener
ic/pgf/basiclayer\pgfcore.code.tex
Package: pgfcore 2025-08-29 v3.1.11a (3.1.11a)

(C:\Users\ThinkPad\Documents\Softwares\miktex-portable\texmfs\install\tex/gener
ic/pgf/math\pgfmath.code.tex
(C:\Users\ThinkPad\Documents\Softwares\miktex-portable\texmfs\install\tex/gener
ic/pgf/math\pgfmathutil.code.tex)
(C:\Users\ThinkPad\Documents\Softwares\miktex-portable\texmfs\install\tex/gener
ic/pgf/math\pgfmathparser.code.tex
\pgfmath@dimen=\dimen265
\pgfmath@count=\count328
\pgfmath@box=\box68
\pgfmath@toks=\toks42
\pgfmath@stack@operand=\toks43
\pgfmath@stack@operation=\toks44
)
(C:\Users\ThinkPad\Documents\Softwares\miktex-portable\texmfs\install\tex/gener
ic/pgf/math\pgfmathfunctions.code.tex)
(C:\Users\ThinkPad\Documents\Softwares\miktex-portable\texmfs\install\tex/gener
ic/pgf/math\pgfmathfunctions.basic.code.tex)
(C:\Users\ThinkPad\Documents\Softwares\miktex-portable\texmfs\install\tex/gener
ic/pgf/math\pgfmathfunctions.trigonometric.code.tex)
(C:\Users\ThinkPad\Documents\Softwares\miktex-portable\texmfs\install\tex/gener
ic/pgf/math\pgfmathfunctions.random.code.tex)
(C:\Users\ThinkPad\Documents\Softwares\miktex-portable\texmfs\install\tex/gener
ic/pgf/math\pgfmathfunctions.comparison.code.tex)
(C:\Users\ThinkPad\Documents\Softwares\miktex-portable\texmfs\install\tex/gener
ic/pgf/math\pgfmathfunctions.base.code.tex)
(C:\Users\ThinkPad\Documents\Softwares\miktex-portable\texmfs\install\tex/gener
ic/pgf/math\pgfmathfunctions.round.code.tex)
(C:\Users\ThinkPad\Documents\Softwares\miktex-portable\texmfs\install\tex/gener
ic/pgf/math\pgfmathfunctions.misc.code.tex)
(C:\Users\ThinkPad\Documents\Softwares\miktex-portable\texmfs\install\tex/gener
ic/pgf/math\pgfmathfunctions.integerarithmetics.code.tex)
(C:\Users\ThinkPad\Documents\Softwares\miktex-portable\texmfs\install\tex/gener
ic/pgf/math\pgfmathcalc.code.tex)
(C:\Users\ThinkPad\Documents\Softwares\miktex-portable\texmfs\install\tex/gener
ic/pgf/math\pgfmathfloat.code.tex
\c@pgfmathroundto@lastzeros=\count329
))
(C:\Users\ThinkPad\Documents\Softwares\miktex-portable\texmfs\install\tex/gener
ic/pgf/math\pgfint.code.tex)
(C:\Users\ThinkPad\Documents\Softwares\miktex-portable\texmfs\install\tex/gener
ic/pgf/basiclayer\pgfcorepoints.code.tex
File: pgfcorepoints.code.tex 2025-08-29 v3.1.11a (3.1.11a)
\pgf@picminx=\dimen266
\pgf@picmaxx=\dimen267
\pgf@picminy=\dimen268
\pgf@picmaxy=\dimen269
\pgf@pathminx=\dimen270
\pgf@pathmaxx=\dimen271
\pgf@pathminy=\dimen272
\pgf@pathmaxy=\dimen273
\pgf@xx=\dimen274
\pgf@xy=\dimen275
\pgf@yx=\dimen276
\pgf@yy=\dimen277
\pgf@zx=\dimen278
\pgf@zy=\dimen279
)
(C:\Users\ThinkPad\Documents\Softwares\miktex-portable\texmfs\install\tex/gener
ic/pgf/basiclayer\pgfcorepathconstruct.code.tex
File: pgfcorepathconstruct.code.tex 2025-08-29 v3.1.11a (3.1.11a)
\pgf@path@lastx=\dimen280
\pgf@path@lasty=\dimen281
)
(C:\Users\ThinkPad\Documents\Softwares\miktex-portable\texmfs\install\tex/gener
ic/pgf/basiclayer\pgfcorepathusage.code.tex
File: pgfcorepathusage.code.tex 2025-08-29 v3.1.11a (3.1.11a)
\pgf@shorten@end@additional=\dimen282
\pgf@shorten@start@additional=\dimen283
)
(C:\Users\ThinkPad\Documents\Softwares\miktex-portable\texmfs\install\tex/gener
ic/pgf/basiclayer\pgfcorescopes.code.tex
File: pgfcorescopes.code.tex 2025-08-29 v3.1.11a (3.1.11a)
\pgfpic=\box69
\pgf@hbox=\box70
\pgf@layerbox@main=\box71
\pgf@picture@serial@count=\count330
)
(C:\Users\ThinkPad\Documents\Softwares\miktex-portable\texmfs\install\tex/gener
ic/pgf/basiclayer\pgfcoregraphicstate.code.tex
File: pgfcoregraphicstate.code.tex 2025-08-29 v3.1.11a (3.1.11a)
\pgflinewidth=\dimen284
)
(C:\Users\ThinkPad\Documents\Softwares\miktex-portable\texmfs\install\tex/gener
ic/pgf/basiclayer\pgfcoretransformations.code.tex
File: pgfcoretransformations.code.tex 2025-08-29 v3.1.11a (3.1.11a)
\pgf@pt@x=\dimen285
\pgf@pt@y=\dimen286
\pgf@pt@temp=\dimen287
)
(C:\Users\ThinkPad\Documents\Softwares\miktex-portable\texmfs\install\tex/gener
ic/pgf/basiclayer\pgfcorequick.code.tex
File: pgfcorequick.code.tex 2025-08-29 v3.1.11a (3.1.11a)
)
(C:\Users\ThinkPad\Documents\Softwares\miktex-portable\texmfs\install\tex/gener
ic/pgf/basiclayer\pgfcoreobjects.code.tex
File: pgfcoreobjects.code.tex 2025-08-29 v3.1.11a (3.1.11a)
)
(C:\Users\ThinkPad\Documents\Softwares\miktex-portable\texmfs\install\tex/gener
ic/pgf/basiclayer\pgfcorepathprocessing.code.tex
File: pgfcorepathprocessing.code.tex 2025-08-29 v3.1.11a (3.1.11a)
)
(C:\Users\ThinkPad\Documents\Softwares\miktex-portable\texmfs\install\tex/gener
ic/pgf/basiclayer\pgfcorearrows.code.tex
File: pgfcorearrows.code.tex 2025-08-29 v3.1.11a (3.1.11a)
\pgfarrowsep=\dimen288
)
(C:\Users\ThinkPad\Documents\Softwares\miktex-portable\texmfs\install\tex/gener
ic/pgf/basiclayer\pgfcoreshade.code.tex
File: pgfcoreshade.code.tex 2025-08-29 v3.1.11a (3.1.11a)
\pgf@max=\dimen289
\pgf@sys@shading@range@num=\count331
\pgf@shadingcount=\count332
)
(C:\Users\ThinkPad\Documents\Softwares\miktex-portable\texmfs\install\tex/gener
ic/pgf/basiclayer\pgfcoreimage.code.tex
File: pgfcoreimage.code.tex 2025-08-29 v3.1.11a (3.1.11a)
)
(C:\Users\ThinkPad\Documents\Softwares\miktex-portable\texmfs\install\tex/gener
ic/pgf/basiclayer\pgfcoreexternal.code.tex
File: pgfcoreexternal.code.tex 2025-08-29 v3.1.11a (3.1.11a)
\pgfexternal@startupbox=\box72
)
(C:\Users\ThinkPad\Documents\Softwares\miktex-portable\texmfs\install\tex/gener
ic/pgf/basiclayer\pgfcorelayers.code.tex
File: pgfcorelayers.code.tex 2025-08-29 v3.1.11a (3.1.11a)
)
(C:\Users\ThinkPad\Documents\Softwares\miktex-portable\texmfs\install\tex/gener
ic/pgf/basiclayer\pgfcoretransparency.code.tex
File: pgfcoretransparency.code.tex 2025-08-29 v3.1.11a (3.1.11a)
)
(C:\Users\ThinkPad\Documents\Softwares\miktex-portable\texmfs\install\tex/gener
ic/pgf/basiclayer\pgfcorepatterns.code.tex
File: pgfcorepatterns.code.tex 2025-08-29 v3.1.11a (3.1.11a)
)
(C:\Users\ThinkPad\Documents\Softwares\miktex-portable\texmfs\install\tex/gener
ic/pgf/basiclayer\pgfcorerdf.code.tex
File: pgfcorerdf.code.tex 2025-08-29 v3.1.11a (3.1.11a)
)))
(C:\Users\ThinkPad\Documents\Softwares\miktex-portable\texmfs\install\tex/gener
ic/pgf/modules\pgfmoduleshapes.code.tex
File: pgfmoduleshapes.code.tex 2025-08-29 v3.1.11a (3.1.11a)
\pgfnodeparttextbox=\box73
)
(C:\Users\ThinkPad\Documents\Softwares\miktex-portable\texmfs\install\tex/gener
ic/pgf/modules\pgfmoduleplot.code.tex
File: pgfmoduleplot.code.tex 2025-08-29 v3.1.11a (3.1.11a)
)
(C:\Users\ThinkPad\Documents\Softwares\miktex-portable\texmfs\install\tex/latex
/pgf/compatibility\pgfcomp-version-0-65.sty
Package: pgfcomp-version-0-65 2025-08-29 v3.1.11a (3.1.11a)
\pgf@nodesepstart=\dimen290
\pgf@nodesepend=\dimen291
)
(C:\Users\ThinkPad\Documents\Softwares\miktex-portable\texmfs\install\tex/latex
/pgf/compatibility\pgfcomp-version-1-18.sty
Package: pgfcomp-version-1-18 2025-08-29 v3.1.11a (3.1.11a)
))
(C:\Users\ThinkPad\Documents\Softwares\miktex-portable\texmfs\install\tex/latex
/pgf/utilities\pgffor.sty
(C:\Users\ThinkPad\Documents\Softwares\miktex-portable\texmfs\install\tex/latex
/pgf/utilities\pgfkeys.sty
(C:\Users\ThinkPad\Documents\Softwares\miktex-portable\texmfs\install\tex/gener
ic/pgf/utilities\pgfkeys.code.tex))
(C:\Users\ThinkPad\Documents\Softwares\miktex-portable\texmfs\install\tex/latex
/pgf/math\pgfmath.sty
(C:\Users\ThinkPad\Documents\Softwares\miktex-portable\texmfs\install\tex/gener
ic/pgf/math\pgfmath.code.tex))
(C:\Users\ThinkPad\Documents\Softwares\miktex-portable\texmfs\install\tex/gener
ic/pgf/utilities\pgffor.code.tex
Package: pgffor 2025-08-29 v3.1.11a (3.1.11a)
\pgffor@iter=\dimen292
\pgffor@skip=\dimen293
\pgffor@stack=\toks45
\pgffor@toks=\toks46
))
(C:\Users\ThinkPad\Documents\Softwares\miktex-portable\texmfs\install\tex/gener
ic/pgf/frontendlayer/tikz\tikz.code.tex
Package: tikz 2025-08-29 v3.1.11a (3.1.11a)

(C:\Users\ThinkPad\Documents\Softwares\miktex-portable\texmfs\install\tex/gener
ic/pgf/libraries\pgflibraryplothandlers.code.tex
File: pgflibraryplothandlers.code.tex 2025-08-29 v3.1.11a (3.1.11a)
\pgf@plot@mark@count=\count333
\pgfplotmarksize=\dimen294
)
\tikz@lastx=\dimen295
\tikz@lasty=\dimen296
\tikz@lastxsaved=\dimen297
\tikz@lastysaved=\dimen298
\tikz@lastmovetox=\dimen299
\tikz@lastmovetoy=\dimen300
\tikzleveldistance=\dimen301
\tikzsiblingdistance=\dimen302
\tikz@figbox=\box74
\tikz@figbox@bg=\box75
\tikz@tempbox=\box76
\tikz@tempbox@bg=\box77
\tikztreelevel=\count334
\tikznumberofchildren=\count335
\tikznumberofcurrentchild=\count336
\tikz@fig@count=\count337

(C:\Users\ThinkPad\Documents\Softwares\miktex-portable\texmfs\install\tex/gener
ic/pgf/modules\pgfmodulematrix.code.tex
File: pgfmodulematrix.code.tex 2025-08-29 v3.1.11a (3.1.11a)
\pgfmatrixcurrentrow=\count338
\pgfmatrixcurrentcolumn=\count339
\pgf@matrix@numberofcolumns=\count340
)
\tikz@expandcount=\count341

(C:\Users\ThinkPad\Documents\Softwares\miktex-portable\texmfs\install\tex/gener
ic/pgf/frontendlayer/tikz/libraries\tikzlibrarytopaths.code.tex
File: tikzlibrarytopaths.code.tex 2025-08-29 v3.1.11a (3.1.11a)
)))
(C:\Users\ThinkPad\Documents\Softwares\miktex-portable\texmfs\install\tex/latex
/tools\verbatim.sty
Package: verbatim 2024-01-22 v1.5x LaTeX2e package for verbatim enhancements
\every@verbatim=\toks47
\verbatim@line=\toks48
\verbatim@in@stream=\read4
)
(C:\Users\ThinkPad\Documents\Softwares\miktex-portable\texmfs\install\tex/latex
/environ\environ.sty
Package: environ 2014/05/04 v0.3 A new way to define environments

(C:\Users\ThinkPad\Documents\Softwares\miktex-portable\texmfs\install\tex/latex
/trimspaces\trimspaces.sty
Package: trimspaces 2009/09/17 v1.1 Trim spaces around a token list
))
\tcb@titlebox=\box78
\tcb@upperbox=\box79
\tcb@lowerbox=\box80
\tcb@phantombox=\box81
\c@tcbbreakpart=\count342
\c@tcblayer=\count343
\c@tcolorbox@number=\count344
\l__tcobox_tmpa_box=\box82
\l__tcobox_tmpa_dim=\dimen303
\tcb@temp=\box83
\tcb@temp=\box84
\tcb@temp=\box85
\tcb@temp=\box86

(C:\Users\ThinkPad\Documents\Softwares\miktex-portable\texmfs\install\tex/latex
/tcolorbox\tcbskins.code.tex
Library (tcolorbox): 'tcbskins.code.tex' version '6.8.0'

(C:\Users\ThinkPad\Documents\Softwares\miktex-portable\texmfs\install\tex/latex
/tikzfill\tikzfill.image.sty
Package: tikzfill.image 2023/08/08 v1.0.1 Image filling library for TikZ

(C:\Users\ThinkPad\Documents\Softwares\miktex-portable\texmfs\install\tex/latex
/tikzfill\tikzfill-common.sty
Package: tikzfill-common 2023/08/08 v1.0.1 Auxiliary code for tikzfill
)
(C:\Users\ThinkPad\Documents\Softwares\miktex-portable\texmfs\install\tex/latex
/tikzfill\tikzlibraryfill.image.code.tex
File: tikzlibraryfill.image.code.tex 2023/08/08 v1.0.1 Image filling library
\l__tikzfill_img_box=\box87
))
(C:\Users\ThinkPad\Documents\Softwares\miktex-portable\texmfs\install\tex/latex
/tcolorbox\tcbskinsjigsaw.code.tex
Library (tcolorbox): 'tcbskinsjigsaw.code.tex' version '6.8.0'
))
(C:\Users\ThinkPad\Documents\Softwares\miktex-portable\texmfs\install\tex/latex
/tcolorbox\tcbbreakable.code.tex
Library (tcolorbox): 'tcbbreakable.code.tex' version '6.8.0'

(C:\Users\ThinkPad\Documents\Softwares\miktex-portable\texmfs\install\tex/latex
/pdfcol\pdfcol.sty
Package: pdfcol 2022-09-21 v1.7 Handle new color stacks for pdfTeX (HO)

(C:\Users\ThinkPad\Documents\Softwares\miktex-portable\texmfs\install\tex/gener
ic/infwarerr\infwarerr.sty
Package: infwarerr 2019/12/03 v1.5 Providing info/warning/error messages (HO)
))
Package pdfcol Info: New color stack `tcb@breakable' = 1 on input line 23.
\tcb@testbox=\box88
\tcb@totalupperbox=\box89
\tcb@totallowerbox=\box90
))
(C:\Users\ThinkPad\Documents\Softwares\miktex-portable\texmfs\install\tex/latex
/bookmark\bookmark.sty
Package: bookmark 2023-12-10 v1.31 PDF bookmarks (HO)

(C:\Users\ThinkPad\Documents\Softwares\miktex-portable\texmfs\install\tex/latex
/hyperref\hyperref.sty
Package: hyperref 2025-07-12 v7.01o Hypertext links for LaTeX

(C:\Users\ThinkPad\Documents\Softwares\miktex-portable\texmfs\install\tex/gener
ic/kvdefinekeys\kvdefinekeys.sty
Package: kvdefinekeys 2019-12-19 v1.6 Define keys (HO)
)
(C:\Users\ThinkPad\Documents\Softwares\miktex-portable\texmfs\install\tex/gener
ic/pdfescape\pdfescape.sty
Package: pdfescape 2019/12/09 v1.15 Implements pdfTeX's escape features (HO)

(C:\Users\ThinkPad\Documents\Softwares\miktex-portable\texmfs\install\tex/gener
ic/pdftexcmds\pdftexcmds.sty
Package: pdftexcmds 2020-06-27 v0.33 Utility functions of pdfTeX for LuaTeX (HO
)
Package pdftexcmds Info: \pdf@primitive is available.
Package pdftexcmds Info: \pdf@ifprimitive is available.
Package pdftexcmds Info: \pdfdraftmode found.
))
(C:\Users\ThinkPad\Documents\Softwares\miktex-portable\texmfs\install\tex/latex
/hycolor\hycolor.sty
Package: hycolor 2020-01-27 v1.10 Color options for hyperref/bookmark (HO)
)
(C:\Users\ThinkPad\Documents\Softwares\miktex-portable\texmfs\install\tex/latex
/hyperref\nameref.sty
Package: nameref 2025-06-21 v2.57 Cross-referencing by name of section

(C:\Users\ThinkPad\Documents\Softwares\miktex-portable\texmfs\install\tex/latex
/refcount\refcount.sty
Package: refcount 2019/12/15 v3.6 Data extraction from label references (HO)
)
(C:\Users\ThinkPad\Documents\Softwares\miktex-portable\texmfs\install\tex/gener
ic/gettitlestring\gettitlestring.sty
Package: gettitlestring 2019/12/15 v1.6 Cleanup title references (HO)
)
\c@section@level=\count345
)
(C:\Users\ThinkPad\Documents\Softwares\miktex-portable\texmfs\install\tex/gener
ic/stringenc\stringenc.sty
Package: stringenc 2019/11/29 v1.12 Convert strings between diff. encodings (HO
)
)
\@linkdim=\dimen304
\Hy@linkcounter=\count346
\Hy@pagecounter=\count347

(C:\Users\ThinkPad\Documents\Softwares\miktex-portable\texmfs\install\tex/latex
/hyperref\pd1enc.def
File: pd1enc.def 2025-07-12 v7.01o Hyperref: PDFDocEncoding definition (HO)
Now handling font encoding PD1 ...
... no UTF-8 mapping file for font encoding PD1
)
(C:\Users\ThinkPad\Documents\Softwares\miktex-portable\texmfs\install\tex/gener
ic/intcalc\intcalc.sty
Package: intcalc 2019/12/15 v1.3 Expandable calculations with integers (HO)
)
\Hy@SavedSpaceFactor=\count348

(C:\Users\ThinkPad\Documents\Softwares\miktex-portable\texmfs\install\tex/latex
/hyperref\puenc.def
File: puenc.def 2025-07-12 v7.01o Hyperref: PDF Unicode definition (HO)
Now handling font encoding PU ...
... no UTF-8 mapping file for font encoding PU
)
Package hyperref Info: Option `unicode' set `true' on input line 4066.
Package hyperref Info: Hyper figures OFF on input line 4195.
Package hyperref Info: Link nesting OFF on input line 4200.
Package hyperref Info: Hyper index ON on input line 4203.
Package hyperref Info: Plain pages OFF on input line 4210.
Package hyperref Info: Backreferencing OFF on input line 4215.
Package hyperref Info: Implicit mode ON; LaTeX internals redefined.
Package hyperref Info: Bookmarks ON on input line 4462.
\c@Hy@tempcnt=\count349

(C:\Users\ThinkPad\Documents\Softwares\miktex-portable\texmfs\install\tex/latex
/url\url.sty
\Urlmuskip=\muskip18
Package: url 2013/09/16  ver 3.4  Verb mode for urls, etc.
)
LaTeX Info: Redefining \url on input line 4801.
\XeTeXLinkMargin=\dimen305

(C:\Users\ThinkPad\Documents\Softwares\miktex-portable\texmfs\install\tex/gener
ic/bitset\bitset.sty
Package: bitset 2019/12/09 v1.3 Handle bit-vector datatype (HO)

(C:\Users\ThinkPad\Documents\Softwares\miktex-portable\texmfs\install\tex/gener
ic/bigintcalc\bigintcalc.sty
Package: bigintcalc 2019/12/15 v1.5 Expandable calculations on big integers (HO
)
))
\Fld@menulength=\count350
\Field@Width=\dimen306
\Fld@charsize=\dimen307
Package hyperref Info: Hyper figures OFF on input line 6078.
Package hyperref Info: Link nesting OFF on input line 6083.
Package hyperref Info: Hyper index ON on input line 6086.
Package hyperref Info: backreferencing OFF on input line 6093.
Package hyperref Info: Link coloring OFF on input line 6098.
Package hyperref Info: Link coloring with OCG OFF on input line 6103.
Package hyperref Info: PDF/A mode OFF on input line 6108.
\Hy@abspage=\count351
\c@Item=\count352
\c@Hfootnote=\count353
)
Package hyperref Info: Driver (autodetected): hpdftex.

(C:\Users\ThinkPad\Documents\Softwares\miktex-portable\texmfs\install\tex/latex
/hyperref\hpdftex.def
File: hpdftex.def 2025-07-12 v7.01o Hyperref driver for pdfTeX
\Fld@listcount=\count354
\c@bookmark@seq@number=\count355

(C:\Users\ThinkPad\Documents\Softwares\miktex-portable\texmfs\install\tex/latex
/rerunfilecheck\rerunfilecheck.sty
Package: rerunfilecheck 2025-06-21 v1.11 Rerun checks for auxiliary files (HO)

(C:\Users\ThinkPad\Documents\Softwares\miktex-portable\texmfs\install\tex/gener
ic/uniquecounter\uniquecounter.sty
Package: uniquecounter 2019/12/15 v1.4 Provide unlimited unique counter (HO)
)
Package uniquecounter Info: New unique counter `rerunfilecheck' on input line 2
84.
)
\Hy@SectionHShift=\skip78
)
(C:\Users\ThinkPad\Documents\Softwares\miktex-portable\texmfs\install\tex/latex
/bookmark\bkm-pdftex.def
File: bkm-pdftex.def 2023-12-10 v1.31 bookmark driver for pdfTeX and luaTeX (HO
)
\BKM@id=\count356
))
(C:\Users\ThinkPad\Documents\Softwares\miktex-portable\texmfs\install\tex/latex
/xurl\xurl.sty
Package: xurl 2022/01/09 v 0.10 modify URL breaks
)
Package hyperref Info: Option `colorlinks' set `true' on input line 195.

(C:\Users\ThinkPad\Documents\Softwares\miktex-portable\texmfs\install\tex/latex
/l3backend\l3backend-pdftex.def
File: l3backend-pdftex.def 2025-10-09 L3 backend support: PDF output (pdfTeX)
\l__color_backend_stack_int=\count357
) (EPDS_1A_2C25_Trabajo_de_simulación_III.aux)
\openout1 = `EPDS_1A_2C25_Trabajo_de_simulación_III.aux'.

LaTeX Font Info:    Checking defaults for OML/cmm/m/it on input line 200.
LaTeX Font Info:    ... okay on input line 200.
LaTeX Font Info:    Checking defaults for OMS/cmsy/m/n on input line 200.
LaTeX Font Info:    ... okay on input line 200.
LaTeX Font Info:    Checking defaults for OT1/cmr/m/n on input line 200.
LaTeX Font Info:    ... okay on input line 200.
LaTeX Font Info:    Checking defaults for T1/cmr/m/n on input line 200.
LaTeX Font Info:    ... okay on input line 200.
LaTeX Font Info:    Checking defaults for TS1/cmr/m/n on input line 200.
LaTeX Font Info:    ... okay on input line 200.
LaTeX Font Info:    Checking defaults for OMX/cmex/m/n on input line 200.
LaTeX Font Info:    ... okay on input line 200.
LaTeX Font Info:    Checking defaults for U/cmr/m/n on input line 200.
LaTeX Font Info:    ... okay on input line 200.
LaTeX Font Info:    Checking defaults for PD1/pdf/m/n on input line 200.
LaTeX Font Info:    ... okay on input line 200.
LaTeX Font Info:    Checking defaults for PU/pdf/m/n on input line 200.
LaTeX Font Info:    ... okay on input line 200.

(C:\Users\ThinkPad\Documents\Softwares\miktex-portable\texmfs\install\tex/conte
xt/base/mkii\supp-pdf.mkii
[Loading MPS to PDF converter (version 2006.09.02).]
\scratchcounter=\count358
\scratchdimen=\dimen308
\scratchbox=\box91
\nofMPsegments=\count359
\nofMParguments=\count360
\everyMPshowfont=\toks49
\MPscratchCnt=\count361
\MPscratchDim=\dimen309
\MPnumerator=\count362
\makeMPintoPDFobject=\count363
\everyMPtoPDFconversion=\toks50
)
(C:\Users\ThinkPad\Documents\Softwares\miktex-portable\texmfs\install\tex/latex
/epstopdf-pkg\epstopdf-base.sty
Package: epstopdf-base 2020-01-24 v2.11 Base part for package epstopdf
Package epstopdf-base Info: Redefining graphics rule for `.eps' on input line 4
85.

(C:\Users\ThinkPad\Documents\Softwares\miktex-portable\texmfs\install\tex/latex
/00miktex\epstopdf-sys.cfg
File: epstopdf-sys.cfg 2021/03/18 v2.0 Configuration of epstopdf for MiKTeX
))
*geometry* driver: auto-detecting
*geometry* detected driver: pdftex
*geometry* verbose mode - [ preamble ] result:
* driver: pdftex
* paper: a4paper
* layout: <same size as paper>
* layoutoffset:(h,v)=(0.0pt,0.0pt)
* modes: 
* h-part:(L,W,R)=(71.13188pt, 455.24411pt, 71.13188pt)
* v-part:(T,H,B)=(71.13188pt, 702.78308pt, 71.13188pt)
* \paperwidth=597.50787pt
* \paperheight=845.04684pt
* \textwidth=455.24411pt
* \textheight=702.78308pt
* \oddsidemargin=-1.1381pt
* \evensidemargin=-1.1381pt
* \topmargin=-40.1381pt
* \headheight=14.0pt
* \headsep=25.0pt
* \topskip=11.0pt
* \footskip=30.0pt
* \marginparwidth=50.0pt
* \marginparsep=10.0pt
* \columnsep=10.0pt
* \skip\footins=10.0pt plus 4.0pt minus 2.0pt
* \hoffset=0.0pt
* \voffset=0.0pt
* \mag=1000
* \@twocolumnfalse
* \@twosidefalse
* \@mparswitchfalse
* \@reversemarginfalse
* (1in=72.27pt=25.4mm, 1cm=28.453pt)

LaTeX Info: Redefining \microtypecontext on input line 200.
Package microtype Info: Applying patch `item' on input line 200.
Package microtype Info: Applying patch `toc' on input line 200.
Package microtype Info: Applying patch `eqnum' on input line 200.
Package microtype Info: Applying patch `footnote' on input line 200.
Package microtype Info: Applying patch `verbatim' on input line 200.
LaTeX Info: Redefining \microtypesetup on input line 200.
Package microtype Info: Generating PDF output.
Package microtype Info: Character protrusion enabled (level 2).
Package microtype Info: Using protrusion set `basicmath'.
Package microtype Info: Automatic font expansion enabled (level 2),
(microtype)             stretch: 20, shrink: 20, step: 1, non-selected.
Package microtype Info: Using default expansion set `alltext-nott'.
Package microtype Info: Patching command `\showhyphens'.
Package microtype Info: No adjustment of tracking.
Package microtype Info: No adjustment of interword spacing.
Package microtype Info: No adjustment of character kerning.

(C:\Users\ThinkPad\Documents\Softwares\miktex-portable\texmfs\install\tex/latex
/microtype\mt-cmr.cfg
File: mt-cmr.cfg 2013/05/19 v2.2 microtype config. file: Computer Modern Roman 
(RS)
)
Package caption Info: Begin \AtBeginDocument code.
Package caption Info: hyperref package is loaded.
Package caption Info: End \AtBeginDocument code.
Package hyperref Info: Link coloring ON on input line 200.


LaTeX Warning: File `logo.png' not found on input line 205.


EPDS_1A_2C25_Trabajo_de_simulación_III.tex:205: Package pdftex.def Error: File
 `logo.png' not found: using draft setting.

See the pdftex.def package documentation for explanation.
Type  H <return>  for immediate help.
 ...                                              
                                                  
l.205 ...degraphics[width=0.3\textwidth]{logo.png}
                                                  \\[2cm]
Try typing  <return>  to proceed.
If that doesn't work, type  X <return>  to quit.

LaTeX Font Info:    Trying to load font information for T1+lmtt on input line 2
05.

(C:\Users\ThinkPad\Documents\Softwares\miktex-portable\texmfs\install\tex/latex
/lm\t1lmtt.fd
File: t1lmtt.fd 2015/05/01 v1.6.1 Font defs for Latin Modern
)
LaTeX Font Info:    Trying to load font information for TS1+lmr on input line 2
12.

(C:\Users\ThinkPad\Documents\Softwares\miktex-portable\texmfs\install\tex/latex
/lm\ts1lmr.fd
File: ts1lmr.fd 2015/05/01 v1.6.1 Font defs for Latin Modern
)

[1

{C:/Users/ThinkPad/Documents/Softwares/miktex-portable/texmfs/data/fonts/map/pd
ftex/pdftex.map}{C:/Users/ThinkPad/Documents/Softwares/miktex-portable/texmfs/i
nstall/fonts/enc/dvips/lm/lm-ec.enc}{C:/Users/ThinkPad/Documents/Softwares/mikt
ex-portable/texmfs/install/fonts/enc/dvips/lm/lm-ts1.enc}]
(EPDS_1A_2C25_Trabajo_de_simulación_III.toc
LaTeX Font Info:    Trying to load font information for OT1+lmr on input line 3
.

(C:\Users\ThinkPad\Documents\Softwares\miktex-portable\texmfs\install\tex/latex
/lm\ot1lmr.fd
File: ot1lmr.fd 2015/05/01 v1.6.1 Font defs for Latin Modern
)
LaTeX Font Info:    Trying to load font information for OML+lmm on input line 3
.

(C:\Users\ThinkPad\Documents\Softwares\miktex-portable\texmfs\install\tex/latex
/lm\omllmm.fd
File: omllmm.fd 2015/05/01 v1.6.1 Font defs for Latin Modern
)
LaTeX Font Info:    Trying to load font information for OMS+lmsy on input line 
3.

(C:\Users\ThinkPad\Documents\Softwares\miktex-portable\texmfs\install\tex/latex
/lm\omslmsy.fd
File: omslmsy.fd 2015/05/01 v1.6.1 Font defs for Latin Modern
)
LaTeX Font Info:    Trying to load font information for OMX+lmex on input line 
3.

(C:\Users\ThinkPad\Documents\Softwares\miktex-portable\texmfs\install\tex/latex
/lm\omxlmex.fd
File: omxlmex.fd 2015/05/01 v1.6.1 Font defs for Latin Modern
)
LaTeX Font Info:    External font `lmex10' loaded for size
(Font)              <10.95> on input line 3.
LaTeX Font Info:    External font `lmex10' loaded for size
(Font)              <8> on input line 3.
LaTeX Font Info:    External font `lmex10' loaded for size
(Font)              <6> on input line 3.
LaTeX Font Info:    Trying to load font information for U+msa on input line 3.

(C:\Users\ThinkPad\Documents\Softwares\miktex-portable\texmfs\install\tex/latex
/amsfonts\umsa.fd
File: umsa.fd 2013/01/14 v3.01 AMS symbols A
)
(C:\Users\ThinkPad\Documents\Softwares\miktex-portable\texmfs\install\tex/latex
/microtype\mt-msa.cfg
File: mt-msa.cfg 2006/02/04 v1.1 microtype config. file: AMS symbols (a) (RS)
)
LaTeX Font Info:    Trying to load font information for U+msb on input line 3.

(C:\Users\ThinkPad\Documents\Softwares\miktex-portable\texmfs\install\tex/latex
/amsfonts\umsb.fd
File: umsb.fd 2013/01/14 v3.01 AMS symbols B
)
(C:\Users\ThinkPad\Documents\Softwares\miktex-portable\texmfs\install\tex/latex
/microtype\mt-msb.cfg
File: mt-msb.cfg 2005/06/01 v1.0 microtype config. file: AMS symbols (b) (RS)
))
\tf@toc=\write4
\openout4 = `EPDS_1A_2C25_Trabajo_de_simulación_III.toc'.




pdfTeX warning (ext4): destination with the same identifier (name{page.1}) has 
been already used, duplicate ignored
<to be read again> 
                   \relax 
l.293 \end{itemize}
                    [1]

[2]

[3]

[4]

[5]

[6]
<EPDS_1A_2C25_Trabajo_de_simulación_III_files/figure-pdf/cell-9-output-1.png, 
id=93, 860.013pt x 498.663pt>
File: EPDS_1A_2C25_Trabajo_de_simulación_III_files/figure-pdf/cell-9-output-1.
png Graphic file (type png)
<use EPDS_1A_2C25_Trabajo_de_simulación_III_files/figure-pdf/cell-9-output-1.p
ng>
Package pdftex.def Info: EPDS_1A_2C25_Trabajo_de_simulación_III_files/figure-p
df/cell-9-output-1.png  used on input line 582.
(pdftex.def)             Requested size: 860.0109pt x 498.66177pt.
<EPDS_1A_2C25_Trabajo_de_simulación_III_files/figure-pdf/cell-9-output-2.png, 
id=95, 860.013pt x 426.393pt>
File: EPDS_1A_2C25_Trabajo_de_simulación_III_files/figure-pdf/cell-9-output-2.
png Graphic file (type png)
<use EPDS_1A_2C25_Trabajo_de_simulación_III_files/figure-pdf/cell-9-output-2.p
ng>
Package pdftex.def Info: EPDS_1A_2C25_Trabajo_de_simulación_III_files/figure-p
df/cell-9-output-2.png  used on input line 584.
(pdftex.def)             Requested size: 860.0109pt x 426.39195pt.
<EPDS_1A_2C25_Trabajo_de_simulación_III_files/figure-pdf/cell-10-output-1.png,
 id=96, 1069.596pt x 1243.044pt>
File: EPDS_1A_2C25_Trabajo_de_simulación_III_files/figure-pdf/cell-10-output-1
.png Graphic file (type png)
<use EPDS_1A_2C25_Trabajo_de_simulación_III_files/figure-pdf/cell-10-output-1.
png>
Package pdftex.def Info: EPDS_1A_2C25_Trabajo_de_simulación_III_files/figure-p
df/cell-10-output-1.png  used on input line 593.
(pdftex.def)             Requested size: 1069.59338pt x 1243.04099pt.


[7 <./EPDS_1A_2C25_Trabajo_de_simulación_III_files/figure-pdf/cell-9-output-1.
png> <./EPDS_1A_2C25_Trabajo_de_simulación_III_files/figure-pdf/cell-9-output-
2.png>]
Overfull \hbox (56.39317pt too wide) in paragraph at lines 600--600
[]                                                                             
    \T1/lmtt/m/n/10.95 Media  \[] 
 []


Overfull \hbox (39.14697pt too wide) in paragraph at lines 602--602
[]\T1/lmtt/m/n/10.95 CABA           Contractor                                 
        Full-Time   14030.70[] 
 []


Overfull \hbox (39.14697pt too wide) in paragraph at lines 603--603
[]\T1/lmtt/m/n/10.95 Resto del pais Contractor                                 
        Full-Time   10638.60[] 
 []


Overfull \hbox (39.14697pt too wide) in paragraph at lines 604--604
[]\T1/lmtt/m/n/10.95 CABA           Staff (planta permanente)                  
        Full-Time    6494.71[] 
 []


Overfull \hbox (39.14697pt too wide) in paragraph at lines 605--605
[]\T1/lmtt/m/n/10.95 Resto del pais Participacin societaria en una cooperativa
        Full-Time    2361.33[] 
 []


Overfull \hbox (39.14697pt too wide) in paragraph at lines 606--606
[]\T1/lmtt/m/n/10.95 CABA           Participacin societaria en una cooperativa
        Full-Time    2175.13[] 
 []


Overfull \hbox (39.14697pt too wide) in paragraph at lines 607--607
[]\T1/lmtt/m/n/10.95 Resto del pais Staff (planta permanente)                  
        Full-Time    2308.98[] 
 []


Overfull \hbox (39.14697pt too wide) in paragraph at lines 608--608
[]\T1/lmtt/m/n/10.95 CABA           Freelance                                  
        Full-Time    2540.82[] 
 []


Overfull \hbox (39.14697pt too wide) in paragraph at lines 609--609
[]\T1/lmtt/m/n/10.95 Resto del pais Tercerizado (trabajo a travs de consultora
 o a... Full-Time    1982.89[] 
 []



[8 <./EPDS_1A_2C25_Trabajo_de_simulación_III_files/figure-pdf/cell-10-output-1
.png>]
Overfull \hbox (39.14697pt too wide) in paragraph at lines 610--610
[]\T1/lmtt/m/n/10.95 CABA           Tercerizado (trabajo a travs de consultora
 o a... Full-Time    1841.84[] 
 []


Overfull \hbox (39.14697pt too wide) in paragraph at lines 611--611
[]\T1/lmtt/m/n/10.95 Resto del pais Freelance                                  
        Full-Time    2160.91[] 
 []


Overfull \hbox (50.64444pt too wide) in paragraph at lines 613--613
[]                                                                             
 \T1/lmtt/m/n/10.95 Mediana  \[] 
 []


Overfull \hbox (33.39824pt too wide) in paragraph at lines 615--615
[]\T1/lmtt/m/n/10.95 CABA           Contractor                                 
        Full-Time   3017.22[] 
 []


Overfull \hbox (33.39824pt too wide) in paragraph at lines 616--616
[]\T1/lmtt/m/n/10.95 Resto del pais Contractor                                 
        Full-Time   2830.19[] 
 []


Overfull \hbox (33.39824pt too wide) in paragraph at lines 617--617
[]\T1/lmtt/m/n/10.95 CABA           Staff (planta permanente)                  
        Full-Time   2358.49[] 
 []


Overfull \hbox (33.39824pt too wide) in paragraph at lines 618--618
[]\T1/lmtt/m/n/10.95 Resto del pais Participacin societaria en una cooperativa
        Full-Time   2216.98[] 
 []


Overfull \hbox (33.39824pt too wide) in paragraph at lines 619--619
[]\T1/lmtt/m/n/10.95 CABA           Participacin societaria en una cooperativa
        Full-Time   2030.35[] 
 []


Overfull \hbox (33.39824pt too wide) in paragraph at lines 620--620
[]\T1/lmtt/m/n/10.95 Resto del pais Staff (planta permanente)                  
        Full-Time   2018.79[] 
 []


Overfull \hbox (33.39824pt too wide) in paragraph at lines 621--621
[]\T1/lmtt/m/n/10.95 CABA           Freelance                                  
        Full-Time   1886.79[] 
 []


Overfull \hbox (33.39824pt too wide) in paragraph at lines 622--622
[]\T1/lmtt/m/n/10.95 Resto del pais Tercerizado (trabajo a travs de consultora
 o a... Full-Time   1667.68[] 
 []


Overfull \hbox (33.39824pt too wide) in paragraph at lines 623--623
[]\T1/lmtt/m/n/10.95 CABA           Tercerizado (trabajo a travs de consultora
 o a... Full-Time   1575.47[] 
 []


Overfull \hbox (33.39824pt too wide) in paragraph at lines 624--624
[]\T1/lmtt/m/n/10.95 Resto del pais Freelance                                  
        Full-Time   1556.60[] 
 []


Overfull \hbox (39.14697pt too wide) in paragraph at lines 626--626
[]                                                                             
 \T1/lmtt/m/n/10.95 Cantidad[] 
 []


Overfull \hbox (39.14697pt too wide) in paragraph at lines 628--628
[]\T1/lmtt/m/n/10.95 CABA           Contractor                                 
        Full-Time        331[] 
 []


Overfull \hbox (39.14697pt too wide) in paragraph at lines 629--629
[]\T1/lmtt/m/n/10.95 Resto del pais Contractor                                 
        Full-Time        470[] 
 []


Overfull \hbox (39.14697pt too wide) in paragraph at lines 630--630
[]\T1/lmtt/m/n/10.95 CABA           Staff (planta permanente)                  
        Full-Time       1975[] 
 []


Overfull \hbox (39.14697pt too wide) in paragraph at lines 631--631
[]\T1/lmtt/m/n/10.95 Resto del pais Participacin societaria en una cooperativa
        Full-Time         14[] 
 []


Overfull \hbox (39.14697pt too wide) in paragraph at lines 632--632
[]\T1/lmtt/m/n/10.95 CABA           Participacin societaria en una cooperativa
        Full-Time         14[] 
 []


Overfull \hbox (39.14697pt too wide) in paragraph at lines 633--633
[]\T1/lmtt/m/n/10.95 Resto del pais Staff (planta permanente)                  
        Full-Time       1692[] 
 []


Overfull \hbox (39.14697pt too wide) in paragraph at lines 634--634
[]\T1/lmtt/m/n/10.95 CABA           Freelance                                  
        Full-Time         36[] 
 []


Overfull \hbox (39.14697pt too wide) in paragraph at lines 635--635
[]\T1/lmtt/m/n/10.95 Resto del pais Tercerizado (trabajo a travs de consultora
 o a... Full-Time        193[] 
 []


Overfull \hbox (39.14697pt too wide) in paragraph at lines 636--636
[]\T1/lmtt/m/n/10.95 CABA           Tercerizado (trabajo a travs de consultora
 o a... Full-Time        193[] 
 []


Overfull \hbox (39.14697pt too wide) in paragraph at lines 637--637
[]\T1/lmtt/m/n/10.95 Resto del pais Freelance                                  
        Full-Time         56[] 
 []



[9]

[10{C:/Users/ThinkPad/Documents/Softwares/miktex-portable/texmfs/install/fonts/
enc/dvips/lm/lm-mathit.enc}{C:/Users/ThinkPad/Documents/Softwares/miktex-portab
le/texmfs/install/fonts/enc/dvips/lm/lm-rm.enc}]
LaTeX Font Info:    Trying to load font information for TS1+lmtt on input line 
754.

(C:\Users\ThinkPad\Documents\Softwares\miktex-portable\texmfs\install\tex/latex
/lm\ts1lmtt.fd
File: ts1lmtt.fd 2015/05/01 v1.6.1 Font defs for Latin Modern
)
Overfull \hbox (10.4033pt too wide) in paragraph at lines 756--756
[]\T1/lmtt/m/n/10.95 veces obtenemos una diferencia tan grande o mayor que la o
bservada solo por azar.[] 
 []


Overfull \hbox (4.65457pt too wide) in paragraph at lines 770--770
[]\T1/lmtt/m/n/10.95 ----------------------------------------------------------
----------------------[] 
 []


Overfull \hbox (4.65457pt too wide) in paragraph at lines 777--777
[]\T1/lmtt/m/n/10.95 ----------------------------------------------------------
----------------------[] 
 []



[11]
Overfull \hbox (4.65457pt too wide) in paragraph at lines 798--798
[]\T1/lmtt/m/n/10.95 ----------------------------------------------------------
----------------------[] 
 []


Overfull \hbox (4.65457pt too wide) in paragraph at lines 804--804
[]\T1/lmtt/m/n/10.95 ----------------------------------------------------------
----------------------[] 
 []

<EPDS_1A_2C25_Trabajo_de_simulación_III_files/figure-pdf/cell-16-output-1.png,
 id=123, 948.4233pt x 808.7013pt>
File: EPDS_1A_2C25_Trabajo_de_simulación_III_files/figure-pdf/cell-16-output-1
.png Graphic file (type png)
<use EPDS_1A_2C25_Trabajo_de_simulación_III_files/figure-pdf/cell-16-output-1.
png>
Package pdftex.def Info: EPDS_1A_2C25_Trabajo_de_simulación_III_files/figure-p
df/cell-16-output-1.png  used on input line 810.
(pdftex.def)             Requested size: 948.42099pt x 808.69933pt.

Overfull \hbox (16.15204pt too wide) in paragraph at lines 816--816
[]\T1/lmtt/m/n/10.95 Los Contractors ganan significativamente ms que Staff en
 el sector IT argentino?[] 
 []



[12 <./EPDS_1A_2C25_Trabajo_de_simulación_III_files/figure-pdf/cell-16-output-
1.png>]

[13]
<EPDS_1A_2C25_Trabajo_de_simulación_III_files/figure-pdf/cell-17-output-2.png,
 id=134, 860.013pt x 426.393pt>
File: EPDS_1A_2C25_Trabajo_de_simulación_III_files/figure-pdf/cell-17-output-2
.png Graphic file (type png)
<use EPDS_1A_2C25_Trabajo_de_simulación_III_files/figure-pdf/cell-17-output-2.
png>
Package pdftex.def Info: EPDS_1A_2C25_Trabajo_de_simulación_III_files/figure-p
df/cell-17-output-2.png  used on input line 926.
(pdftex.def)             Requested size: 860.0109pt x 426.39195pt.


[14 <./EPDS_1A_2C25_Trabajo_de_simulación_III_files/figure-pdf/cell-17-output-
2.png>]
Overfull \hbox (27.6495pt too wide) in paragraph at lines 970--970
[]\T1/lmtt/m/n/10.95 R\TS1/lmtt/m/n/10.95  \T1/lmtt/m/n/10.95 explica la propo
rcin de varianza de la variable dependiente que puede atribuirse[] 
 []


Overfull \hbox (33.39824pt too wide) in paragraph at lines 971--971
[]\T1/lmtt/m/n/10.95 a la variable (o variables) independiente(s). Podemos cons
iderarlo como una medida de[] 
 []



[15]
Overfull \hbox (56.39317pt too wide) in paragraph at lines 983--983
[]\T1/lmtt/m/n/10.95 La validacin cruzada K-Fold es una tcnica que se utiliza
 para evaluar el rendimiento de[] 
 []

<EPDS_1A_2C25_Trabajo_de_simulación_III_files/figure-pdf/cell-18-output-1.png,
 id=144, 691.383pt x 715.473pt>
File: EPDS_1A_2C25_Trabajo_de_simulación_III_files/figure-pdf/cell-18-output-1
.png Graphic file (type png)
<use EPDS_1A_2C25_Trabajo_de_simulación_III_files/figure-pdf/cell-18-output-1.
png>
Package pdftex.def Info: EPDS_1A_2C25_Trabajo_de_simulación_III_files/figure-p
df/cell-18-output-1.png  used on input line 1002.
(pdftex.def)             Requested size: 691.38132pt x 715.47127pt.


[16 <./EPDS_1A_2C25_Trabajo_de_simulación_III_files/figure-pdf/cell-18-output-
1.png>]
<EPDS_1A_2C25_Trabajo_de_simulación_III_files/figure-pdf/cell-19-output-2.png,
 id=150, 861.4584pt x 715.473pt>
File: EPDS_1A_2C25_Trabajo_de_simulación_III_files/figure-pdf/cell-19-output-2
.png Graphic file (type png)
<use EPDS_1A_2C25_Trabajo_de_simulación_III_files/figure-pdf/cell-19-output-2.
png>
Package pdftex.def Info: EPDS_1A_2C25_Trabajo_de_simulación_III_files/figure-p
df/cell-19-output-2.png  used on input line 1049.
(pdftex.def)             Requested size: 861.4563pt x 715.47127pt.
<EPDS_1A_2C25_Trabajo_de_simulación_III_files/figure-pdf/cell-19-output-3.png,
 id=151, 857.604pt x 570.933pt>
File: EPDS_1A_2C25_Trabajo_de_simulación_III_files/figure-pdf/cell-19-output-3
.png Graphic file (type png)
<use EPDS_1A_2C25_Trabajo_de_simulación_III_files/figure-pdf/cell-19-output-3.
png>
Package pdftex.def Info: EPDS_1A_2C25_Trabajo_de_simulación_III_files/figure-p
df/cell-19-output-3.png  used on input line 1051.
(pdftex.def)             Requested size: 857.60191pt x 570.9316pt.


[17]

[18 <./EPDS_1A_2C25_Trabajo_de_simulación_III_files/figure-pdf/cell-19-output-
2.png> <./EPDS_1A_2C25_Trabajo_de_simulación_III_files/figure-pdf/cell-19-outp
ut-3.png>]
<EPDS_1A_2C25_Trabajo_de_simulación_III_files/figure-pdf/cell-20-output-2.png,
 id=163, 860.013pt x 426.393pt>
File: EPDS_1A_2C25_Trabajo_de_simulación_III_files/figure-pdf/cell-20-output-2
.png Graphic file (type png)
<use EPDS_1A_2C25_Trabajo_de_simulación_III_files/figure-pdf/cell-20-output-2.
png>
Package pdftex.def Info: EPDS_1A_2C25_Trabajo_de_simulación_III_files/figure-p
df/cell-20-output-2.png  used on input line 1067.
(pdftex.def)             Requested size: 860.0109pt x 426.39195pt.


[19 <./EPDS_1A_2C25_Trabajo_de_simulación_III_files/figure-pdf/cell-20-output-
2.png>]

[20] (EPDS_1A_2C25_Trabajo_de_simulación_III.aux)
 ***********
LaTeX2e <2025-06-01> patch level 1
L3 programming layer <2025-10-09>
 ***********


LaTeX Warning: Label(s) may have changed. Rerun to get cross-references right.

 ) 
Here is how much of TeX's memory you used:
 31027 strings out of 468080
 621294 string characters out of 5414138
 1104147 words of memory out of 5000000
 59015 multiletter control sequences out of 15000+600000
 685508 words of font info for 140 fonts, out of 8000000 for 9000
 1141 hyphenation exceptions out of 8191
 98i,12n,101p,1038b,834s stack positions out of 10000i,1000n,20000p,200000b,200000s
<C:/Users/ThinkPad/Documents/Softwares/miktex-portable/texmfs/install/fonts/t
ype1/public/lm/lmbx10.pfb><C:/Users/ThinkPad/Documents/Softwares/miktex-portabl
e/texmfs/install/fonts/type1/public/lm/lmbx12.pfb><C:/Users/ThinkPad/Documents/
Softwares/miktex-portable/texmfs/install/fonts/type1/public/lm/lmbxi10.pfb><C:/
Users/ThinkPad/Documents/Softwares/miktex-portable/texmfs/install/fonts/type1/p
ublic/lm/lmmi10.pfb><C:/Users/ThinkPad/Documents/Softwares/miktex-portable/texm
fs/install/fonts/type1/public/lm/lmr10.pfb><C:/Users/ThinkPad/Documents/Softwar
es/miktex-portable/texmfs/install/fonts/type1/public/lm/lmr12.pfb><C:/Users/Thi
nkPad/Documents/Softwares/miktex-portable/texmfs/install/fonts/type1/public/lm/
lmr8.pfb><C:/Users/ThinkPad/Documents/Softwares/miktex-portable/texmfs/install/
fonts/type1/public/lm/lmri10.pfb><C:/Users/ThinkPad/Documents/Softwares/miktex-
portable/texmfs/install/fonts/type1/public/lm/lmtt10.pfb>
Output written on EPDS_1A_2C25_Trabajo_de_simulación_III.pdf (21 pages, 315621
1 bytes).
PDF statistics:
 303 PDF objects out of 1000 (max. 8388607)
 45 named destinations out of 1000 (max. 500000)
 33010 words of extra memory for PDF output out of 35830 (max. 10000000)

